<?xml version="1.0" encoding="UTF-8"?>
<!-- Generated by org.testng.reporters.JUnitReportReporter -->
<testsuite hostname="DESKTOP-RO23RQL" failures="0" tests="1" name="NewBoardTestCase.LamdaTest" time="25.560" errors="0" timestamp="2024-11-16T01:12:32 IST" skipped="0">
  <testcase classname="NewBoardTestCase.LamdaTest" name="Login" time="25.560"/>
  <system-out/>
</testsuite> <!-- NewBoardTestCase.LamdaTest -->
