<?xml version="1.0" encoding="UTF-8"?>
<!-- Generated by org.testng.reporters.JUnitReportReporter -->
<testsuite hostname="DESKTOP-RO23RQL" failures="0" tests="1" name="NewBoardTestCase.Email_testing" time="35.538" errors="0" timestamp="2024-11-18T16:17:21 IST" skipped="0">
  <testcase classname="NewBoardTestCase.Email_testing" name="main" time="35.538"/>
  <system-out/>
</testsuite> <!-- NewBoardTestCase.Email_testing -->
