<?xml version="1.0" encoding="UTF-8"?>
<!-- Generated by org.testng.reporters.JUnitReportReporter -->
<testsuite hostname="DESKTOP-RO23RQL" failures="0" tests="1" name="NewBoardTestCase.LamdaTest" time="20.755" errors="0" timestamp="2024-11-05T23:45:15 IST" skipped="0">
  <testcase classname="NewBoardTestCase.LamdaTest" name="Login" time="20.755"/>
  <system-out/>
</testsuite> <!-- NewBoardTestCase.LamdaTest -->
