<?xml version="1.0" encoding="UTF-8"?>
<!-- Generated by org.testng.reporters.JUnitReportReporter -->
<testsuite hostname="DESKTOP-RO23RQL" failures="0" tests="1" name="NewBoardTestCase.Testcases_01" time="22.937" errors="0" timestamp="2024-11-03T22:08:07 IST" skipped="0">
  <testcase classname="NewBoardTestCase.Testcases_01" name="newBoardLogin" time="22.937"/>
  <system-out/>
</testsuite> <!-- NewBoardTestCase.Testcases_01 -->
