<?xml version="1.0" encoding="UTF-8"?>
<!-- Generated by org.testng.reporters.JUnitReportReporter -->
<testsuite hostname="DESKTOP-RO23RQL" failures="0" tests="1" name="NewBoardTestCase.Testcases_02" time="19.688" errors="0" timestamp="2024-11-05T10:41:27 IST" skipped="0">
  <testcase classname="NewBoardTestCase.Testcases_02" name="testSignupFlow" time="19.688"/>
  <system-out/>
</testsuite> <!-- NewBoardTestCase.Testcases_02 -->
