<?xml version="1.0" encoding="UTF-8"?>
<!-- Generated by org.testng.reporters.JUnitReportReporter -->
<testsuite hostname="DESKTOP-RO23RQL" failures="0" tests="1" name="WTFPage.WTFpages" time="0.023" errors="0" timestamp="2023-10-23T19:42:18 IST" skipped="0">
  <testcase classname="WTFPage.WTFpages" name="f" time="0.023"/>
  <system-out/>
</testsuite> <!-- WTFPage.WTFpages -->
