<?xml version="1.0" encoding="UTF-8"?>
<!-- Generated by org.testng.reporters.JUnitReportReporter -->
<testsuite hostname="DESKTOP-RO23RQL" failures="0" tests="1" name="NewBoardTestCase.SauceLab" time="20.636" errors="0" timestamp="2024-11-08T00:00:26 IST" skipped="0">
  <testcase classname="NewBoardTestCase.SauceLab" name="Login" time="20.636"/>
  <system-out/>
</testsuite> <!-- NewBoardTestCase.SauceLab -->
